
2025-10-09 13:15:02 - === UPDATE PURCHASE START ===
2025-10-09 13:15:02 - POST: Array
(
    [purchase_id] => PUR0001
    [purchase_date] => 2025-10-07
    [supplier_id] => 3
    [supplier_name] => SRIRAM PHARMA
    [invoice_number] => 890
    [payment_mode] => CASH
    [search_product] => 
    [product_id] => Array
        (
            [0] => 1
        )

    [product_name] => Array
        (
            [0] => AMLOKIND 5
        )

    [company] => Array
        (
            [0] => MANKIND
        )

    [category] => Array
        (
            [0] => TAB
        )

    [pack] => Array
        (
            [0] => 15
        )

    [batch] => Array
        (
            [0] => 1234
        )

    [hsn_code] => Array
        (
            [0] => 3004
        )

    [expiry_date] => Array
        (
            [0] => 2027-06-01
        )

    [mrp] => Array
        (
            [0] => 200.00
        )

    [rate] => Array
        (
            [0] => 170.00
        )

    [quantity] => Array
        (
            [0] => 1
        )

    [discount] => Array
        (
            [0] => 0.00
        )

    [free_quantity] => Array
        (
            [0] => 0
        )

    [composition] => Array
        (
            [0] => AMLODIPINE
        )

    [igst] => Array
        (
            [0] => 0.00
        )

    [cgst] => Array
        (
            [0] => 6.00
        )

    [sgst] => Array
        (
            [0] => 6.00
        )

    [total] => Array
        (
            [0] => 190.40
        )

    [margin] => Array
        (
            [0] => 
        )

)

2025-10-09 13:15:02 - [GET supplier_name] QUERY: SELECT supplier_name FROM supplier_details WHERE id = ? LIMIT 1 | PARAMS: [3]
2025-10-09 13:15:02 - [UPDATE purchase_details] QUERY: 
        UPDATE purchase_details
           SET supplier_id = ?, 
               supplier_name = ?, 
               invoice_no = ?, 
               purchase_date = ?, 
               bill_type = ?
         WHERE purchase_id = ? 
           AND company_id = ? 
           AND accounting_year_id = ?
     | PARAMS: [3,"SRIRAM PHARMA","890","2025-10-07","CASH","PUR0001",7,5]
2025-10-09 13:15:02 - [DELETE stock_details] QUERY: DELETE FROM stock_details WHERE purchase_id = ? AND company_id = ? AND accounting_year_id = ? | PARAMS: ["PUR0001",7,5]
2025-10-09 13:15:02 - [DELETE current_stock] QUERY: DELETE FROM current_stock WHERE purchase_id = ? AND company_id = ? AND accounting_year_id = ? | PARAMS: ["PUR0001",7,5]
2025-10-09 13:15:02 - [INSERT stock_details] QUERY: 
            INSERT INTO stock_details 
            (product_id, supplier_id, supplier_name, invoice_no, product_name, company, composition, pack, quantity, mrp, expiry_date, batch, category, 
             purchase_id, purchase_date, amount, created_by, free_quantity, rate, discount, 
             total_discount, total_taxable_amount, total_payble_amount, gst_amount, igst, igst_amount, cgst, sgst, 
             cgst_amount, sgst_amount, net_amount, hsn_code, total_quantity, bill_type, company_id, accounting_year_id, created_at) 
            VALUES (?,?,?,?,?,?,?,?,?,?,?,?,?,?,?,?,?,?,?,?,?,?,?,?,?,?,?,?,?,?,?,?,?,?,?,?,NOW())
         | PARAMS: [1,3,"SRIRAM PHARMA","890","AMLOKIND 5","MANKIND","AMLODIPINE","15",1,200,"2027-06-01","1234","TAB","PUR0001","2025-10-07",190.4,"Seetakanta",0,170,0,0,170,190.4,20.4,0,0,6,6,10.2,10.2,190.4,"3004",1,"CASH",7,5]
2025-10-09 13:15:02 - [INSERT current_stock] QUERY: 
            INSERT INTO current_stock 
            (product_id, product_name, company, category, pack, batch_no, expiry_date, composition, hsn_code, 
             quantity, free_quantity, total_quantity, rate, mrp, discount, total_discount, sgst, sgst_amount, cgst, cgst_amount, 
             igst, igst_amount, taxable_amount, net_amount, purchase_id, invoice_no, purchase_date, supplier_id, supplier_name, 
             created_at, created_by, company_id, accounting_year_id) 
            VALUES (?,?,?,?,?,?,?,?,?,?,?,?,?,?,?,?,?,?,?,?,?,?,?,?,?,?,?,?,?,?,?,?,?)
         | PARAMS: [1,"AMLOKIND 5","MANKIND","TAB","15","1234","2027-06-01","AMLODIPINE","3004",1,0,1,170,200,0,0,6,10.2,6,10.2,0,0,170,190.4,"PUR0001","890","2025-10-07",3,"SRIRAM PHARMA","2025-10-09 13:15:02","Seetakanta",7,5]
2025-10-09 13:15:02 - [UPDATE final amount] QUERY: UPDATE purchase_details SET amount=? WHERE purchase_id=? AND company_id=? AND accounting_year_id=? | PARAMS: [190.4,"PUR0001",7,5]
2025-10-09 13:15:02 - === COMMIT SUCCESSFUL (purchase_id=PUR0001, total=190.4) ===
2025-10-09 13:17:20 - === UPDATE PURCHASE START ===
2025-10-09 13:17:20 - POST: Array
(
    [purchase_id] => PUR0001
    [purchase_date] => 2025-10-07
    [supplier_id] => 3
    [supplier_name] => SRIRAM PHARMA
    [invoice_number] => 890
    [payment_mode] => CASH
    [search_product] => 
    [product_id] => Array
        (
            [0] => 1
        )

    [product_name] => Array
        (
            [0] => AMLOKIND 5
        )

    [company] => Array
        (
            [0] => MANKIND
        )

    [category] => Array
        (
            [0] => TAB
        )

    [pack] => Array
        (
            [0] => 15
        )

    [batch] => Array
        (
            [0] => 1234
        )

    [hsn_code] => Array
        (
            [0] => 3004
        )

    [expiry_date] => Array
        (
            [0] => 2027-06-01
        )

    [mrp] => Array
        (
            [0] => 200.00
        )

    [rate] => Array
        (
            [0] => 170.00
        )

    [quantity] => Array
        (
            [0] => 1
        )

    [discount] => Array
        (
            [0] => 0.00
        )

    [free_quantity] => Array
        (
            [0] => 0
        )

    [composition] => Array
        (
            [0] => AMLODIPINE
        )

    [igst] => Array
        (
            [0] => 0.00
        )

    [cgst] => Array
        (
            [0] => 6.00
        )

    [sgst] => Array
        (
            [0] => 6.00
        )

    [total] => Array
        (
            [0] => 190.40
        )

    [margin] => Array
        (
            [0] => 
        )

)

2025-10-09 13:17:20 - [GET supplier_name] QUERY: SELECT supplier_name FROM supplier_details WHERE id = ? LIMIT 1 | PARAMS: [3]
2025-10-09 13:17:20 - [UPDATE purchase_details] QUERY: 
        UPDATE purchase_details
           SET supplier_id = ?, 
               supplier_name = ?, 
               invoice_no = ?, 
               purchase_date = ?, 
               bill_type = ?
         WHERE purchase_id = ? 
           AND company_id = ? 
           AND accounting_year_id = ?
     | PARAMS: [3,"SRIRAM PHARMA","890","2025-10-07","CASH","PUR0001",7,5]
2025-10-09 13:17:20 - [DELETE stock_details] QUERY: DELETE FROM stock_details WHERE purchase_id = ? AND company_id = ? AND accounting_year_id = ? | PARAMS: ["PUR0001",7,5]
2025-10-09 13:17:20 - [DELETE current_stock] QUERY: DELETE FROM current_stock WHERE purchase_id = ? AND company_id = ? AND accounting_year_id = ? | PARAMS: ["PUR0001",7,5]
2025-10-09 13:17:20 - [INSERT stock_details] QUERY: 
            INSERT INTO stock_details 
            (product_id, supplier_id, supplier_name, invoice_no, product_name, company, composition, pack, quantity, mrp, expiry_date, batch, category, 
             purchase_id, purchase_date, amount, created_by, free_quantity, rate, discount, 
             total_discount, total_taxable_amount, total_payble_amount, gst_amount, igst, igst_amount, cgst, sgst, 
             cgst_amount, sgst_amount, net_amount, hsn_code, total_quantity, bill_type, company_id, accounting_year_id, created_at) 
            VALUES (?,?,?,?,?,?,?,?,?,?,?,?,?,?,?,?,?,?,?,?,?,?,?,?,?,?,?,?,?,?,?,?,?,?,?,?,NOW())
         | PARAMS: [1,3,"SRIRAM PHARMA","890","AMLOKIND 5","MANKIND","AMLODIPINE","15",1,200,"2027-06-01","1234","TAB","PUR0001","2025-10-07",190.4,"Seetakanta",0,170,0,0,170,190.4,20.4,0,0,6,6,10.2,10.2,190.4,"3004",1,"CASH",7,5]
2025-10-09 13:17:20 - [INSERT current_stock] QUERY: 
            INSERT INTO current_stock 
            (product_id, product_name, company, category, pack, batch_no, expiry_date, composition, hsn_code, 
             quantity, free_quantity, total_quantity, rate, mrp, discount, total_discount, sgst, sgst_amount, cgst, cgst_amount, 
             igst, igst_amount, taxable_amount, net_amount, purchase_id, invoice_no, purchase_date, supplier_id, supplier_name, 
             created_at, created_by, company_id, accounting_year_id) 
            VALUES (?,?,?,?,?,?,?,?,?,?,?,?,?,?,?,?,?,?,?,?,?,?,?,?,?,?,?,?,?,?,?,?,?)
         | PARAMS: [1,"AMLOKIND 5","MANKIND","TAB","15","1234","2027-06-01","AMLODIPINE","3004",1,0,1,170,200,0,0,6,10.2,6,10.2,0,0,170,190.4,"PUR0001","890","2025-10-07",3,"SRIRAM PHARMA","2025-10-09 13:17:20","Seetakanta",7,5]
2025-10-09 13:17:20 - [UPDATE final amount] QUERY: UPDATE purchase_details SET amount=? WHERE purchase_id=? AND company_id=? AND accounting_year_id=? | PARAMS: [190.4,"PUR0001",7,5]
2025-10-09 13:17:20 - === COMMIT SUCCESSFUL (purchase_id=PUR0001, total=190.4) ===