2025-10-06 14:52:28 - === Checkout started ===
2025-10-06 14:52:28 - DB connection established
2025-10-06 14:52:28 - Collected data: plan=free_trial, module=pharma_retail, price=0
2025-10-06 14:52:28 - Order inserted with ID: 32
2025-10-06 14:52:29 - New user created with ID: 15
2025-10-06 14:52:29 - user_modules inserted: user=15, module=2
2025-10-06 14:52:29 - Subscription inserted for user=15
2025-10-06 14:52:29 - Mail send result: OK
2025-10-06 14:52:29 - Redirecting to success page (free trial)
2025-10-06 14:52:29 SUCCESS for bhumika@gmail.com, ORDER=ORD-68E3BB8CDE529, MODULE=pharma_retail
2025-10-06 15:28:18 - === Checkout started ===
2025-10-06 15:28:18 - DB connection established
2025-10-06 15:28:18 - Collected data: plan=free_trial, module=pharma_retail, price=0
2025-10-06 15:28:19 - Order inserted with ID: 1
2025-10-06 15:28:19 - New user created with ID: 1
2025-10-06 15:28:19 - user_modules inserted: user=1, module=2
2025-10-06 15:28:19 - Subscription inserted for user=1
2025-10-06 15:28:19 - Mail send result: OK
2025-10-06 15:28:19 - Redirecting to success page (free trial)
2025-10-06 15:28:20 SUCCESS for dollyrout@gmail.com, ORDER=ORD-68E3C3F2EA9CB, MODULE=pharma_retail
