=== MAIL 2025-10-12 16:38:13 ===
To: litu1pattanaik@gmail.com
Subject: Welcome to BillBook - Your Account is Ready!


        <h2>Welcome to billbook.in, Seetakanta!</h2>
        <p>Thank you for signing up. Your account has been created successfully.</p>
        <div class='credentials-box'>
            <h3>Your Login Credentials:</h3>
            <p><strong>Email:</strong> litu1pattanaik@gmail.com</p>
            <p><strong>Password:</strong> <code>925bb19591a6ee27</code></p>
            <p><strong>Order Number:</strong> ORD-68EBBD553DC65</p>
            <p><strong>Plan:</strong> Free_trial</p>
        </div>
        <p><strong>Note:</strong> Please change your password after first login.</p>
        <p style='text-align: center; margin: 30px 0;'>
            <a href='http://localhost/public/login.php' class='button'>Login to Your Account</a>
        </p>
        <p>If you have any questions, feel free to contact our support team.</p>
    

=== MAIL 2025-10-14 16:22:07 ===
To: litu1pattanaik@gmail.com
Subject: Welcome to BillBook - Your Account is Ready!


        <h2>Welcome to billbook.in, Seetakanta!</h2>
        <p>Thank you for signing up. Your account has been created successfully.</p>
        <div class='credentials-box'>
            <h3>Your Login Credentials:</h3>
            <p><strong>Email:</strong> litu1pattanaik@gmail.com</p>
            <p><strong>Password:</strong> <code>877e0f1656dea7c5</code></p>
            <p><strong>Order Number:</strong> ORD-68EE5C8ECB1BB</p>
            <p><strong>Plan:</strong> Free_trial</p>
        </div>
        <p><strong>Note:</strong> Please change your password after first login.</p>
        <p style='text-align: center; margin: 30px 0;'>
            <a href='http://localhost/public/login.php' class='button'>Login to Your Account</a>
        </p>
        <p>If you have any questions, feel free to contact our support team.</p>
    

