
2025-10-14 08:16:09 - === SALE SAVE START ===
2025-10-14 08:16:10 - ❌ ERROR: SQLSTATE[42S02]: Base table or view not found: 1146 Table 'pharma_retail_db.sales_summary' doesn't exist
2025-10-14 12:19:55 - === SALE SAVE START ===
2025-10-14 12:19:55 - ❌ ERROR: SQLSTATE[42S22]: Column not found: 1054 Unknown column 'prefix_code' in 'field list'
2025-10-14 12:29:52 - === SALE SAVE START ===
2025-10-14 12:29:52 - ❌ ERROR: Invalid company ID: company not found
2025-10-14 12:32:47 - === SALE SAVE START ===
2025-10-14 12:32:47 - ❌ ERROR: SQLSTATE[42S02]: Base table or view not found: 1146 Table 'pharma_retail_db.companies' doesn't exist
2025-10-14 12:35:01 - === SALE SAVE START ===
2025-10-14 12:35:01 - ❌ ERROR: SQLSTATE[42S22]: Column not found: 1054 Unknown column 'sales_id' in 'field list'
2025-10-14 12:37:45 - === SALE SAVE START ===
2025-10-14 12:37:46 - ❌ ERROR: SQLSTATE[42S22]: Column not found: 1054 Unknown column 'sales_id' in 'field list'
2025-10-14 12:43:33 - === SALE SAVE START ===
2025-10-14 12:43:33 - ❌ ERROR: SQLSTATE[42S22]: Column not found: 1054 Unknown column 'invoice_no' in 'field list'
2025-10-14 12:47:02 - === SALE SAVE START ===
2025-10-14 12:47:02 - ❌ ERROR: SQLSTATE[42S22]: Column not found: 1054 Unknown column 'grand_total' in 'field list'
2025-10-14 12:50:05 - === SALE SAVE START ===
2025-10-14 12:50:06 - ❌ ERROR: SQLSTATE[42S22]: Column not found: 1054 Unknown column 'net_total' in 'field list'
2025-10-14 12:51:25 - === SALE SAVE START ===
2025-10-14 12:51:26 - ❌ ERROR: SQLSTATE[42S22]: Column not found: 1054 Unknown column 'amount_received' in 'field list'
2025-10-14 12:59:25 - === SALE SAVE START ===
2025-10-14 12:59:28 - ❌ ERROR: SQLSTATE[42S22]: Column not found: 1054 Unknown column 'amount_received' in 'field list'
2025-10-14 13:03:59 - === SALE SAVE START ===
2025-10-14 13:04:00 - ❌ ERROR: SQLSTATE[42S22]: Column not found: 1054 Unknown column 'created_at' in 'field list'
2025-10-14 13:05:48 - === SALE SAVE START ===
2025-10-14 13:15:21 - === SALE SAVE START ===
2025-10-14 13:15:21 - ❌ ERROR: SQLSTATE[42S22]: Column not found: 1054 Unknown column 'sale_id' in 'field list'
2025-10-14 13:15:40 - === SALE SAVE START ===
2025-10-14 13:15:40 - ❌ ERROR: SQLSTATE[42S22]: Column not found: 1054 Unknown column 'sale_id' in 'field list'
2025-10-14 13:18:37 - === SALE SAVE START ===
2025-10-14 13:18:37 - ❌ ERROR: SQLSTATE[42S22]: Column not found: 1054 Unknown column 'bill_no' in 'field list'
2025-10-14 13:22:53 - === SALE SAVE START ===
2025-10-14 13:22:54 - ❌ ERROR: SQLSTATE[42S22]: Column not found: 1054 Unknown column 'payment_date' in 'field list'
2025-10-14 13:24:04 - === SALE SAVE START ===
2025-10-14 13:24:05 - ❌ ERROR: SQLSTATE[42S22]: Column not found: 1054 Unknown column 'payment_date' in 'field list'
2025-10-14 13:26:53 - === SALE SAVE START ===
2025-10-14 13:26:53 - ❌ ERROR: SQLSTATE[42S22]: Column not found: 1054 Unknown column 'payment_date' in 'field list'
2025-10-14 13:29:27 - === SALE SAVE START ===
2025-10-14 13:29:28 - ❌ ERROR: SQLSTATE[42S22]: Column not found: 1054 Unknown column 'entry_date' in 'field list'
2025-10-14 13:31:39 - === SALE SAVE START ===
2025-10-14 13:31:39 - ✅ SALE SUCCESS: OM-25-000001, Total: 145.19
2025-10-14 19:13:48 - === SALE SAVE START ===
2025-10-14 19:13:49 - ✅ SALE SUCCESS: OM-25-000001, Total: 190.03
2025-10-15 16:36:07 - === SAVE PURCHASE START ===
2025-10-15 16:36:07 - POST: Array
(
    [purchase_id] => PUR0001
    [purchase_date] => 2025-10-15
    [supplier_id] => 1
    [invoice_number] => 90
    [payment_mode] => CREDIT
    [search_product] => ORAFLORA TAB
    [product_id] => Array
        (
            [0] => 27
        )

    [product_name] => Array
        (
            [0] => ORAFLORA TAB
        )

    [company] => Array
        (
            [0] => MCW
        )

    [category] => Array
        (
            [0] => 
        )

    [pack] => Array
        (
            [0] => 10 S
        )

    [batch] => Array
        (
            [0] => MW18520
        )

    [hsn_code] => Array
        (
            [0] => 30049099
        )

    [expiry_date] => Array
        (
            [0] => 2026-06-01
        )

    [mrp] => Array
        (
            [0] => 49.90
        )

    [rate] => Array
        (
            [0] => 35.64
        )

    [quantity] => Array
        (
            [0] => 10
        )

    [discount] => Array
        (
            [0] => 0
        )

    [free_quantity] => Array
        (
            [0] => 0
        )

    [composition] => Array
        (
            [0] => 
        )

    [igst] => Array
        (
            [0] => 0.00
        )

    [cgst] => Array
        (
            [0] => 0.00
        )

    [sgst] => Array
        (
            [0] => 12.00
        )

    [total] => Array
        (
            [0] => 399.17
        )

    [margin] => Array
        (
            [0] => 20.01
        )

)

2025-10-15 16:36:07 - SELECT supplier_name for supplier_id=1
2025-10-15 16:36:07 - INSERT purchase header
2025-10-15 16:37:55 - === SAVE PURCHASE START ===
2025-10-15 16:37:55 - POST: Array
(
    [purchase_id] => PUR0002
    [purchase_date] => 2025-10-15
    [supplier_id] => 1
    [invoice_number] => 91
    [payment_mode] => CASH
    [search_product] => TELMIKIND 20 TAB
    [product_id] => Array
        (
            [0] => 7
        )

    [product_name] => Array
        (
            [0] => TELMIKIND 20 TAB
        )

    [company] => Array
        (
            [0] => MANKIND
        )

    [category] => Array
        (
            [0] => 
        )

    [pack] => Array
        (
            [0] => 10  S
        )

    [batch] => Array
        (
            [0] => I05Y002
        )

    [hsn_code] => Array
        (
            [0] => 30049099
        )

    [expiry_date] => Array
        (
            [0] => 2027-01-01
        )

    [mrp] => Array
        (
            [0] => 26.68
        )

    [rate] => Array
        (
            [0] => 19.06
        )

    [quantity] => Array
        (
            [0] => 10
        )

    [discount] => Array
        (
            [0] => 0
        )

    [free_quantity] => Array
        (
            [0] => 0
        )

    [composition] => Array
        (
            [0] => 
        )

    [igst] => Array
        (
            [0] => 0.00
        )

    [cgst] => Array
        (
            [0] => 0.00
        )

    [sgst] => Array
        (
            [0] => 12.00
        )

    [total] => Array
        (
            [0] => 213.47
        )

    [margin] => Array
        (
            [0] => 19.99
        )

)

2025-10-15 16:37:55 - SELECT supplier_name for supplier_id=1
2025-10-15 16:37:55 - INSERT purchase header
2025-10-15 16:48:54 - === SALE SAVE START ===
2025-10-15 16:48:54 - ✅ SALE SUCCESS: OM-25-000001, Total: 55.89